<?xml version="1.0" encoding="UTF-8"?>
<testng-results ignored="0" total="3" passed="3" failed="0" skipped="0">
  <reporter-output>
  </reporter-output>
  <suite started-at="2024-07-23T18:39:55 IST" name="Suite" finished-at="2024-07-23T18:40:16 IST" duration-ms="20532">
    <groups>
    </groups>
    <test started-at="2024-07-23T18:39:55 IST" name="EdgeTest" finished-at="2024-07-23T18:40:07 IST" duration-ms="11896">
      <class name="seleniumGrid.NewTest">
        <test-method signature="crossBrowserTest(java.lang.String)[pri:0, instance:seleniumGrid.NewTest@2a798d51]" started-at="2024-07-23T18:39:55 IST" name="crossBrowserTest" finished-at="2024-07-23T18:40:07 IST" duration-ms="11788" status="PASS">
          <params>
            <param index="0">
              <value>
                <![CDATA[Edge]]>
              </value>
            </param>
          </params>
          <reporter-output>
          </reporter-output>
        </test-method> <!-- crossBrowserTest -->
      </class> <!-- seleniumGrid.NewTest -->
    </test> <!-- EdgeTest -->
    <test started-at="2024-07-23T18:39:55 IST" name="ChromeTest" finished-at="2024-07-23T18:40:07 IST" duration-ms="11898">
      <class name="seleniumGrid.NewTest">
        <test-method signature="crossBrowserTest(java.lang.String)[pri:0, instance:seleniumGrid.NewTest@7ed7259e]" started-at="2024-07-23T18:39:55 IST" name="crossBrowserTest" finished-at="2024-07-23T18:40:07 IST" duration-ms="11776" status="PASS">
          <params>
            <param index="0">
              <value>
                <![CDATA[Chrome]]>
              </value>
            </param>
          </params>
          <reporter-output>
          </reporter-output>
        </test-method> <!-- crossBrowserTest -->
      </class> <!-- seleniumGrid.NewTest -->
    </test> <!-- ChromeTest -->
    <test started-at="2024-07-23T18:39:55 IST" name="FirefoxTest" finished-at="2024-07-23T18:40:16 IST" duration-ms="20532">
      <class name="seleniumGrid.NewTest">
        <test-method signature="crossBrowserTest(java.lang.String)[pri:0, instance:seleniumGrid.NewTest@5876a9af]" started-at="2024-07-23T18:39:55 IST" name="crossBrowserTest" finished-at="2024-07-23T18:40:16 IST" duration-ms="20453" status="PASS">
          <params>
            <param index="0">
              <value>
                <![CDATA[Firefox]]>
              </value>
            </param>
          </params>
          <reporter-output>
          </reporter-output>
        </test-method> <!-- crossBrowserTest -->
      </class> <!-- seleniumGrid.NewTest -->
    </test> <!-- FirefoxTest -->
  </suite> <!-- Suite -->
</testng-results>
