<?xml version="1.0" encoding="UTF-8"?>
<testng-results ignored="0" total="3" passed="3" failed="0" skipped="0">
  <reporter-output>
  </reporter-output>
  <suite started-at="2024-07-23T17:50:01 IST" name="Suite" finished-at="2024-07-23T17:50:28 IST" duration-ms="27516">
    <groups>
    </groups>
    <test started-at="2024-07-23T17:50:01 IST" name="ChromeTest" finished-at="2024-07-23T17:50:19 IST" duration-ms="18412">
      <class name="seleniumGrid.ParallelTest">
        <test-method signature="crossBrowserTest(java.lang.String)[pri:0, instance:seleniumGrid.ParallelTest@7ed7259e]" started-at="2024-07-23T17:50:01 IST" name="crossBrowserTest" finished-at="2024-07-23T17:50:19 IST" duration-ms="18277" status="PASS">
          <params>
            <param index="0">
              <value>
                <![CDATA[Chrome]]>
              </value>
            </param>
          </params>
          <reporter-output>
          </reporter-output>
        </test-method> <!-- crossBrowserTest -->
      </class> <!-- seleniumGrid.ParallelTest -->
    </test> <!-- ChromeTest -->
    <test started-at="2024-07-23T17:50:01 IST" name="EdgeTest" finished-at="2024-07-23T17:50:22 IST" duration-ms="21588">
      <class name="seleniumGrid.ParallelTest">
        <test-method signature="crossBrowserTest(java.lang.String)[pri:0, instance:seleniumGrid.ParallelTest@2a798d51]" started-at="2024-07-23T17:50:01 IST" name="crossBrowserTest" finished-at="2024-07-23T17:50:22 IST" duration-ms="21481" status="PASS">
          <params>
            <param index="0">
              <value>
                <![CDATA[Edge]]>
              </value>
            </param>
          </params>
          <reporter-output>
          </reporter-output>
        </test-method> <!-- crossBrowserTest -->
      </class> <!-- seleniumGrid.ParallelTest -->
    </test> <!-- EdgeTest -->
    <test started-at="2024-07-23T17:50:01 IST" name="FirefoxTest" finished-at="2024-07-23T17:50:28 IST" duration-ms="27512">
      <class name="seleniumGrid.ParallelTest">
        <test-method signature="crossBrowserTest(java.lang.String)[pri:0, instance:seleniumGrid.ParallelTest@5876a9af]" started-at="2024-07-23T17:50:01 IST" name="crossBrowserTest" finished-at="2024-07-23T17:50:28 IST" duration-ms="27399" status="PASS">
          <params>
            <param index="0">
              <value>
                <![CDATA[Firefox]]>
              </value>
            </param>
          </params>
          <reporter-output>
          </reporter-output>
        </test-method> <!-- crossBrowserTest -->
      </class> <!-- seleniumGrid.ParallelTest -->
    </test> <!-- FirefoxTest -->
  </suite> <!-- Suite -->
</testng-results>
